<?xml version="1.0" encoding="UTF-8"?>
<robot generator="Robot 7.1.1 (Python 3.13.1 on win32)" generated="2025-01-03T16:00:02.354916" rpa="false" schemaversion="5">
<suite id="s1" name="Web-Automation" source="E:\web-automation">
<suite id="s1-s1" name="Test" source="E:\web-automation\test">
<suite id="s1-s1-s1" name="Feature" source="E:\web-automation\test\feature">
<suite id="s1-s1-s1-s1" name="Dashboard" source="E:\web-automation\test\feature\Dashboard.robot">
<test id="s1-s1-s1-s1-t1" name="Scenario : user should be add to cart product on Dasboard Page" line="18">
<kw name="Given user login to application" owner="loginpage">
<kw name="user open Browser" owner="browser">
<kw name="Open Browser" owner="SeleniumLibrary">
<msg time="2025-01-03T16:00:03.082696" level="INFO">Opening browser 'chrome' to base url 'None'.</msg>
<doc>Opens a new browser instance to the optional ``url``.</doc>
<status status="PASS" start="2025-01-03T16:00:03.082167" elapsed="17.359120"/>
</kw>
<kw name="Go To" owner="SeleniumLibrary">
<msg time="2025-01-03T16:00:20.443268" level="INFO">Opening url 'https://www.saucedemo.com/'</msg>
<arg>${chrome_browser}</arg>
<doc>Navigates the current browser window to the provided ``url``.</doc>
<status status="PASS" start="2025-01-03T16:00:20.442178" elapsed="1.611170"/>
</kw>
<status status="PASS" start="2025-01-03T16:00:03.081316" elapsed="18.972593"/>
</kw>
<kw name="Wait Until Element Is Visible" owner="SeleniumLibrary">
<arg>${INPUT_USERRNAME}</arg>
<doc>Waits until the element ``locator`` is visible.</doc>
<status status="PASS" start="2025-01-03T16:00:22.054515" elapsed="0.057710"/>
</kw>
<kw name="Input Text" owner="SeleniumLibrary">
<msg time="2025-01-03T16:00:22.113882" level="INFO">Typing text 'standard_user' into text field '//input[@placeholder='Username']'.</msg>
<arg>${INPUT_USERRNAME}</arg>
<arg>${username}</arg>
<doc>Types the given ``text`` into the text field identified by ``locator``.</doc>
<status status="PASS" start="2025-01-03T16:00:22.112859" elapsed="0.325836"/>
</kw>
<kw name="Input Text" owner="SeleniumLibrary">
<msg time="2025-01-03T16:00:22.440685" level="INFO">Typing text 'secret_sauce' into text field '//input[@placeholder='Password']'.</msg>
<arg>${INPUT_PASSWORD}</arg>
<arg>${password}</arg>
<doc>Types the given ``text`` into the text field identified by ``locator``.</doc>
<status status="PASS" start="2025-01-03T16:00:22.439452" elapsed="0.216294"/>
</kw>
<kw name="Click Button" owner="SeleniumLibrary">
<msg time="2025-01-03T16:00:22.657775" level="INFO">Clicking button '//input[@value='Login']'.</msg>
<arg>${BUTTON_LOGIN}</arg>
<doc>Clicks the button identified by ``locator``.</doc>
<status status="PASS" start="2025-01-03T16:00:22.656513" elapsed="0.265271"/>
</kw>
<arg>${STANDARD_USER}</arg>
<arg>${PASSWORD}</arg>
<status status="PASS" start="2025-01-03T16:00:03.072344" elapsed="19.850041"/>
</kw>
<kw name="And user should see product name on Dashboard Page" owner="dashboardpage">
<kw name="Element Should Be Visible" owner="SeleniumLibrary">
<msg time="2025-01-03T16:00:23.025987" level="INFO">Element '//div[@data-test='inventory-item-name']' is displayed.</msg>
<arg>${LABEL_PRODUCT_NAME}</arg>
<doc>Verifies that the element identified by ``locator`` is visible.</doc>
<status status="PASS" start="2025-01-03T16:00:22.944403" elapsed="0.082190"/>
</kw>
<status status="PASS" start="2025-01-03T16:00:22.939836" elapsed="0.087197"/>
</kw>
<kw name="When user click button atc on Dashboard Page" owner="dashboardpage">
<kw name="Click Element" owner="SeleniumLibrary">
<msg time="2025-01-03T16:00:23.048398" level="INFO">Clicking element '//button[contains(@class,'btn btn_primary')]'.</msg>
<arg>${BUTTON_ATC}</arg>
<doc>Click the element identified by ``locator``.</doc>
<status status="PASS" start="2025-01-03T16:00:23.047247" elapsed="0.139683"/>
</kw>
<status status="PASS" start="2025-01-03T16:00:23.038436" elapsed="0.148949"/>
</kw>
<kw name="Then user should see couter in icon cart on Dasboard Page" owner="dashboardpage">
<kw name="Element Should Be Visible" owner="SeleniumLibrary">
<msg time="2025-01-03T16:00:23.287465" level="INFO">Element '//span[@data-test='shopping-cart-badge']' is displayed.</msg>
<arg>${COUNT_PRODUCT}</arg>
<doc>Verifies that the element identified by ``locator`` is visible.</doc>
<status status="PASS" start="2025-01-03T16:00:23.204909" elapsed="0.083254"/>
</kw>
<kw name="Element Text Should Be" owner="SeleniumLibrary">
<msg time="2025-01-03T16:00:23.290321" level="INFO">Verifying element '//span[@data-test='shopping-cart-badge']' contains exact text '"1"'.</msg>
<msg time="2025-01-03T16:00:23.443065" level="INFO" html="true">&lt;/td&gt;&lt;/tr&gt;&lt;tr&gt;&lt;td colspan="3"&gt;&lt;a href="selenium-screenshot-1.png"&gt;&lt;img src="selenium-screenshot-1.png" width="800px"&gt;&lt;/a&gt;</msg>
<msg time="2025-01-03T16:00:23.443753" level="FAIL">The text of element '//span[@data-test='shopping-cart-badge']' should have been '"1"' but it was '1'.</msg>
<arg>${COUNT_PRODUCT}</arg>
<arg>"1"</arg>
<doc>Verifies that element ``locator`` contains exact the text ``expected``.</doc>
<status status="FAIL" start="2025-01-03T16:00:23.288867" elapsed="0.164237">The text of element '//span[@data-test='shopping-cart-badge']' should have been '"1"' but it was '1'.</status>
</kw>
<status status="FAIL" start="2025-01-03T16:00:23.196212" elapsed="0.257827">The text of element '//span[@data-test='shopping-cart-badge']' should have been '"1"' but it was '1'.</status>
</kw>
<status status="FAIL" start="2025-01-03T16:00:03.069134" elapsed="20.388698">The text of element '//span[@data-test='shopping-cart-badge']' should have been '"1"' but it was '1'.</status>
</test>
<status status="FAIL" start="2025-01-03T16:00:02.435531" elapsed="21.026126"/>
</suite>
<status status="FAIL" start="2025-01-03T16:00:02.425946" elapsed="21.040091"/>
</suite>
<status status="FAIL" start="2025-01-03T16:00:02.417502" elapsed="21.052489"/>
</suite>
<status status="FAIL" start="2025-01-03T16:00:02.368653" elapsed="21.104608"/>
</suite>
<statistics>
<total>
<stat pass="0" fail="1" skip="0">All Tests</stat>
</total>
<tag>
</tag>
<suite>
<stat pass="0" fail="1" skip="0" id="s1" name="Web-Automation">Web-Automation</stat>
<stat pass="0" fail="1" skip="0" id="s1-s1" name="Test">Web-Automation.Test</stat>
<stat pass="0" fail="1" skip="0" id="s1-s1-s1" name="Feature">Web-Automation.Test.Feature</stat>
<stat pass="0" fail="1" skip="0" id="s1-s1-s1-s1" name="Dashboard">Web-Automation.Test.Feature.Dashboard</stat>
</suite>
</statistics>
<errors>
</errors>
</robot>
